<?xml version="1.0" encoding="UTF-8"?>
<testng-results skipped="0" failed="0" ignored="0" total="1" passed="1">
  <reporter-output>
  </reporter-output>
  <suite name="com.fluentWait.test.Employee" duration-ms="3623" started-at="2019-05-03T01:28:36Z" finished-at="2019-05-03T01:28:39Z">
    <groups>
    </groups>
    <test name="Command line test" duration-ms="3623" started-at="2019-05-03T01:28:36Z" finished-at="2019-05-03T01:28:39Z">
      <class name="com.fluentWait.test.Employee">
        <test-method status="PASS" signature="validateEmployee()[pri:0, instance:com.fluentWait.test.Employee@2752f6e2]" name="validateEmployee" duration-ms="3573" started-at="2019-05-03T01:28:36Z" finished-at="2019-05-03T01:28:39Z">
          <reporter-output>
          </reporter-output>
        </test-method> <!-- validateEmployee -->
      </class> <!-- com.fluentWait.test.Employee -->
    </test> <!-- Command line test -->
  </suite> <!-- com.fluentWait.test.Employee -->
</testng-results>
